2024-02-28 14:44:42 0 [Note] Starting MariaDB 10.4.32-MariaDB source revision c4143f909528e3fab0677a28631d10389354c491 as process 15060
2024-02-28 14:44:42 0 [Note] InnoDB: Mutexes and rw_locks use Windows interlocked functions
2024-02-28 14:44:42 0 [Note] InnoDB: Uses event mutexes
2024-02-28 14:44:42 0 [Note] InnoDB: Compressed tables use zlib 1.3
2024-02-28 14:44:42 0 [Note] InnoDB: Number of pools: 1
2024-02-28 14:44:42 0 [Note] InnoDB: Using SSE2 crc32 instructions
2024-02-28 14:44:42 0 [Note] InnoDB: Initializing buffer pool, total size = 16M, instances = 1, chunk size = 16M
2024-02-28 14:44:42 0 [Note] InnoDB: Completed initialization of buffer pool
2024-02-28 14:44:42 0 [Note] InnoDB: Starting crash recovery from checkpoint LSN=300288
2024-02-28 14:44:43 0 [Note] InnoDB: 128 out of 128 rollback segments are active.
2024-02-28 14:44:43 0 [Note] InnoDB: Removed temporary tablespace data file: "ibtmp1"
2024-02-28 14:44:43 0 [Note] InnoDB: Creating shared tablespace for temporary tables
2024-02-28 14:44:43 0 [Note] InnoDB: Setting file 'D:\Major Program\Xampp\mysql\data\ibtmp1' size to 12 MB. Physically writing the file full; Please wait ...
2024-02-28 14:44:43 0 [Note] InnoDB: File 'D:\Major Program\Xampp\mysql\data\ibtmp1' size is now 12 MB.
2024-02-28 14:44:43 0 [Note] InnoDB: Waiting for purge to start
2024-02-28 14:44:43 0 [Note] InnoDB: 10.4.32 started; log sequence number 300297; transaction id 170
2024-02-28 14:44:43 0 [Note] InnoDB: Loading buffer pool(s) from D:\Major Program\Xampp\mysql\data\ib_buffer_pool
2024-02-28 14:44:43 0 [Note] Plugin 'FEEDBACK' is disabled.
2024-02-28 14:44:43 0 [Note] Server socket created on IP: '::'.
2024-02-28 15:11:03 0 [Note] Starting MariaDB 10.4.32-MariaDB source revision c4143f909528e3fab0677a28631d10389354c491 as process 12896
2024-02-28 15:11:03 0 [Note] InnoDB: Mutexes and rw_locks use Windows interlocked functions
2024-02-28 15:11:03 0 [Note] InnoDB: Uses event mutexes
2024-02-28 15:11:03 0 [Note] InnoDB: Compressed tables use zlib 1.3
2024-02-28 15:11:03 0 [Note] InnoDB: Number of pools: 1
2024-02-28 15:11:03 0 [Note] InnoDB: Using SSE2 crc32 instructions
2024-02-28 15:11:03 0 [Note] InnoDB: Initializing buffer pool, total size = 16M, instances = 1, chunk size = 16M
2024-02-28 15:11:03 0 [Note] InnoDB: Completed initialization of buffer pool
2024-02-28 15:11:03 0 [Note] InnoDB: Starting crash recovery from checkpoint LSN=300306
2024-02-28 15:11:04 0 [Note] InnoDB: 128 out of 128 rollback segments are active.
2024-02-28 15:11:04 0 [Note] InnoDB: Removed temporary tablespace data file: "ibtmp1"
2024-02-28 15:11:04 0 [Note] InnoDB: Creating shared tablespace for temporary tables
2024-02-28 15:11:04 0 [Note] InnoDB: Setting file 'D:\Major Program\Xampp\mysql\data\ibtmp1' size to 12 MB. Physically writing the file full; Please wait ...
2024-02-28 15:11:04 0 [Note] InnoDB: File 'D:\Major Program\Xampp\mysql\data\ibtmp1' size is now 12 MB.
2024-02-28 15:11:04 0 [Note] InnoDB: Waiting for purge to start
2024-02-28 15:11:04 0 [Note] InnoDB: 10.4.32 started; log sequence number 300315; transaction id 170
2024-02-28 15:11:04 0 [Note] InnoDB: Loading buffer pool(s) from D:\Major Program\Xampp\mysql\data\ib_buffer_pool
2024-02-28 15:11:04 0 [Note] Plugin 'FEEDBACK' is disabled.
2024-02-28 15:11:04 0 [Note] Server socket created on IP: '::'.
2024-02-28 15:42:55 0 [Note] Starting MariaDB 10.4.32-MariaDB source revision c4143f909528e3fab0677a28631d10389354c491 as process 2924
2024-02-28 15:42:55 0 [Note] InnoDB: Mutexes and rw_locks use Windows interlocked functions
2024-02-28 15:42:55 0 [Note] InnoDB: Uses event mutexes
2024-02-28 15:42:55 0 [Note] InnoDB: Compressed tables use zlib 1.3
2024-02-28 15:42:55 0 [Note] InnoDB: Number of pools: 1
2024-02-28 15:42:55 0 [Note] InnoDB: Using SSE2 crc32 instructions
2024-02-28 15:42:55 0 [Note] InnoDB: Initializing buffer pool, total size = 16M, instances = 1, chunk size = 16M
2024-02-28 15:42:55 0 [Note] InnoDB: Completed initialization of buffer pool
2024-02-28 15:42:55 0 [Note] InnoDB: Starting crash recovery from checkpoint LSN=478623
2024-02-28 15:42:57 0 [Note] InnoDB: 128 out of 128 rollback segments are active.
2024-02-28 15:42:57 0 [Note] InnoDB: Removed temporary tablespace data file: "ibtmp1"
2024-02-28 15:42:57 0 [Note] InnoDB: Creating shared tablespace for temporary tables
2024-02-28 15:42:57 0 [Note] InnoDB: Setting file 'D:\Major Program\Xampp\mysql\data\ibtmp1' size to 12 MB. Physically writing the file full; Please wait ...
2024-02-28 15:42:57 0 [Note] InnoDB: File 'D:\Major Program\Xampp\mysql\data\ibtmp1' size is now 12 MB.
2024-02-28 15:42:57 0 [Note] InnoDB: Waiting for purge to start
2024-02-28 15:42:57 0 [Note] InnoDB: 10.4.32 started; log sequence number 478632; transaction id 322
2024-02-28 15:42:57 0 [Note] InnoDB: Loading buffer pool(s) from D:\Major Program\Xampp\mysql\data\ib_buffer_pool
2024-02-28 15:42:57 0 [Note] Plugin 'FEEDBACK' is disabled.
2024-02-28 15:42:57 0 [Note] Server socket created on IP: '::'.
2024-03-27 16:20:18 0 [Note] Starting MariaDB 10.4.32-MariaDB source revision c4143f909528e3fab0677a28631d10389354c491 as process 4744
2024-03-27 16:20:18 0 [Note] InnoDB: Mutexes and rw_locks use Windows interlocked functions
2024-03-27 16:20:18 0 [Note] InnoDB: Uses event mutexes
2024-03-27 16:20:18 0 [Note] InnoDB: Compressed tables use zlib 1.3
2024-03-27 16:20:18 0 [Note] InnoDB: Number of pools: 1
2024-03-27 16:20:18 0 [Note] InnoDB: Using SSE2 crc32 instructions
2024-03-27 16:20:18 0 [Note] InnoDB: Initializing buffer pool, total size = 16M, instances = 1, chunk size = 16M
2024-03-27 16:20:18 0 [Note] InnoDB: Completed initialization of buffer pool
2024-03-27 16:20:19 0 [Note] InnoDB: Starting crash recovery from checkpoint LSN=478641
2024-03-27 16:20:20 0 [Note] InnoDB: 128 out of 128 rollback segments are active.
2024-03-27 16:20:20 0 [Note] InnoDB: Removed temporary tablespace data file: "ibtmp1"
2024-03-27 16:20:20 0 [Note] InnoDB: Creating shared tablespace for temporary tables
2024-03-27 16:20:20 0 [Note] InnoDB: Setting file 'D:\Major Program\Xampp\mysql\data\ibtmp1' size to 12 MB. Physically writing the file full; Please wait ...
2024-03-27 16:20:20 0 [Note] InnoDB: File 'D:\Major Program\Xampp\mysql\data\ibtmp1' size is now 12 MB.
2024-03-27 16:20:20 0 [Note] InnoDB: Waiting for purge to start
2024-03-27 16:20:20 0 [Note] InnoDB: 10.4.32 started; log sequence number 478650; transaction id 322
2024-03-27 16:20:20 0 [Note] InnoDB: Loading buffer pool(s) from D:\Major Program\Xampp\mysql\data\ib_buffer_pool
2024-03-27 16:20:20 0 [Note] Plugin 'FEEDBACK' is disabled.
2024-03-27 16:20:20 0 [Note] InnoDB: Buffer pool(s) load completed at 240327 16:20:20
2024-03-27 16:20:20 0 [Note] Server socket created on IP: '::'.
2024-04-17 11:23:22 0 [Note] Starting MariaDB 10.4.32-MariaDB source revision c4143f909528e3fab0677a28631d10389354c491 as process 8964
2024-04-17 11:23:22 0 [Note] InnoDB: Mutexes and rw_locks use Windows interlocked functions
2024-04-17 11:23:22 0 [Note] InnoDB: Uses event mutexes
2024-04-17 11:23:22 0 [Note] InnoDB: Compressed tables use zlib 1.3
2024-04-17 11:23:22 0 [Note] InnoDB: Number of pools: 1
2024-04-17 11:23:22 0 [Note] InnoDB: Using SSE2 crc32 instructions
2024-04-17 11:23:22 0 [Note] InnoDB: Initializing buffer pool, total size = 16M, instances = 1, chunk size = 16M
2024-04-17 11:23:22 0 [Note] InnoDB: Completed initialization of buffer pool
2024-04-17 11:23:23 0 [Note] InnoDB: Starting crash recovery from checkpoint LSN=478659
2024-04-17 11:23:23 0 [Note] InnoDB: 128 out of 128 rollback segments are active.
2024-04-17 11:23:23 0 [Note] InnoDB: Removed temporary tablespace data file: "ibtmp1"
2024-04-17 11:23:23 0 [Note] InnoDB: Creating shared tablespace for temporary tables
2024-04-17 11:23:23 0 [Note] InnoDB: Setting file 'D:\Major Program\Xampp\mysql\data\ibtmp1' size to 12 MB. Physically writing the file full; Please wait ...
2024-04-17 11:23:23 0 [Note] InnoDB: File 'D:\Major Program\Xampp\mysql\data\ibtmp1' size is now 12 MB.
2024-04-17 11:23:24 0 [Note] InnoDB: Waiting for purge to start
2024-04-17 11:23:24 0 [Note] InnoDB: 10.4.32 started; log sequence number 478668; transaction id 322
2024-04-17 11:23:24 0 [Note] InnoDB: Loading buffer pool(s) from D:\Major Program\Xampp\mysql\data\ib_buffer_pool
2024-04-17 11:23:24 0 [Note] Plugin 'FEEDBACK' is disabled.
2024-04-17 11:23:24 0 [Note] InnoDB: Buffer pool(s) load completed at 240417 11:23:24
2024-04-17 11:23:24 0 [Note] Server socket created on IP: '::'.
2024-04-17 11:35:33 0 [Note] Starting MariaDB 10.4.32-MariaDB source revision c4143f909528e3fab0677a28631d10389354c491 as process 14360
2024-04-17 11:35:33 0 [Note] InnoDB: Mutexes and rw_locks use Windows interlocked functions
2024-04-17 11:35:33 0 [Note] InnoDB: Uses event mutexes
2024-04-17 11:35:33 0 [Note] InnoDB: Compressed tables use zlib 1.3
2024-04-17 11:35:33 0 [Note] InnoDB: Number of pools: 1
2024-04-17 11:35:33 0 [Note] InnoDB: Using SSE2 crc32 instructions
2024-04-17 11:35:33 0 [Note] InnoDB: Initializing buffer pool, total size = 16M, instances = 1, chunk size = 16M
2024-04-17 11:35:33 0 [Note] InnoDB: Completed initialization of buffer pool
2024-04-17 11:35:34 0 [Note] InnoDB: Starting crash recovery from checkpoint LSN=538690
2024-04-17 11:35:34 0 [Note] InnoDB: 128 out of 128 rollback segments are active.
2024-04-17 11:35:34 0 [Note] InnoDB: Removed temporary tablespace data file: "ibtmp1"
2024-04-17 11:35:34 0 [Note] InnoDB: Creating shared tablespace for temporary tables
2024-04-17 11:35:34 0 [Note] InnoDB: Setting file 'D:\Major Program\Xampp\mysql\data\ibtmp1' size to 12 MB. Physically writing the file full; Please wait ...
2024-04-17 11:35:34 0 [Note] InnoDB: File 'D:\Major Program\Xampp\mysql\data\ibtmp1' size is now 12 MB.
2024-04-17 11:35:34 0 [Note] InnoDB: Waiting for purge to start
2024-04-17 11:35:34 0 [Note] InnoDB: 10.4.32 started; log sequence number 538699; transaction id 454
2024-04-17 11:35:34 0 [Note] InnoDB: Loading buffer pool(s) from D:\Major Program\Xampp\mysql\data\ib_buffer_pool
2024-04-17 11:35:34 0 [Note] Plugin 'FEEDBACK' is disabled.
2024-04-17 11:35:34 0 [Note] Server socket created on IP: '::'.
2024-04-17 11:35:34 0 [Note] InnoDB: Buffer pool(s) l2024-04-17 16:23:29 0 [Note] Starting MariaDB 10.4.32-MariaDB source revision c4143f909528e3fab0677a28631d10389354c491 as process 9320
2024-04-17 16:23:29 0 [Note] InnoDB: Mutexes and rw_locks use Windows interlocked functions
2024-04-17 16:23:29 0 [Note] InnoDB: Uses event mutexes
2024-04-17 16:23:29 0 [Note] InnoDB: Compressed tables use zlib 1.3
2024-04-17 16:23:29 0 [Note] InnoDB: Number of pools: 1
2024-04-17 16:23:29 0 [Note] InnoDB: Using SSE2 crc32 instructions
2024-04-17 16:23:29 0 [Note] InnoDB: Initializing buffer pool, total size = 16M, instances = 1, chunk size = 16M
2024-04-17 16:23:29 0 [Note] InnoDB: Completed initialization of buffer pool
2024-04-17 16:23:30 0 [Note] InnoDB: Starting crash recovery from checkpoint LSN=551088
2024-04-17 16:23:30 0 [Note] InnoDB: 128 out of 128 rollback segments are active.
2024-04-17 16:23:30 0 [Note] InnoDB: Removed temporary tablespace data file: "ibtmp1"
2024-04-17 16:23:30 0 [Note] InnoDB: Creating shared tablespace for temporary tables
2024-04-17 16:23:30 0 [Note] InnoDB: Setting file 'D:\Major Program\Xampp\mysql\data\ibtmp1' size to 12 MB. Physically writing the file full; Please wait ...
2024-04-17 16:23:30 0 [Note] InnoDB: File 'D:\Major Program\Xampp\mysql\data\ibtmp1' size is now 12 MB.
2024-04-17 16:23:30 0 [Note] InnoDB: Waiting for purge to start
2024-04-17 16:23:30 0 [Note] InnoDB: 10.4.32 started; log sequence number 551097; transaction id 493
2024-04-17 16:23:30 0 [Note] InnoDB: Loading buffer pool(s) from D:\Major Program\Xampp\mysql\data\ib_buffer_pool
2024-04-17 16:23:30 0 [Note] Plugin 'FEEDBACK' is disabled.
2024-04-17 16:23:30 0 [Note] Server socket created on IP: '::'.
