[Wed Feb 28 14:44:42.168888 2024] [ssl:warn] [pid 22208:tid 468] AH01909: www.example.com:443:0 server certificate does NOT include an ID which matches the server name
[Wed Feb 28 14:44:42.233939 2024] [ssl:warn] [pid 22208:tid 468] AH01909: www.example.com:443:0 server certificate does NOT include an ID which matches the server name
[Wed Feb 28 14:44:42.284968 2024] [mpm_winnt:notice] [pid 22208:tid 468] AH00455: Apache/2.4.58 (Win64) OpenSSL/3.1.3 PHP/8.2.12 configured -- resuming normal operations
[Wed Feb 28 14:44:42.284968 2024] [mpm_winnt:notice] [pid 22208:tid 468] AH00456: Apache Lounge VS17 Server built: Oct 18 2023 13:03:18
[Wed Feb 28 14:44:42.284968 2024] [core:notice] [pid 22208:tid 468] AH00094: Command line: 'd:\\major program\\xampp\\apache\\bin\\httpd.exe -d D:/Major Program/Xampp/apache'
[Wed Feb 28 14:44:42.291895 2024] [mpm_winnt:notice] [pid 22208:tid 468] AH00418: Parent: Created child process 7092
[Wed Feb 28 14:44:42.848769 2024] [ssl:warn] [pid 7092:tid 464] AH01909: www.example.com:443:0 server certificate does NOT include an ID which matches the server name
[Wed Feb 28 14:44:42.916655 2024] [ssl:warn] [pid 7092:tid 464] AH01909: www.example.com:443:0 server certificate does NOT include an ID which matches the server name
[Wed Feb 28 14:44:42.961040 2024] [mpm_winnt:notice] [pid 7092:tid 464] AH00354: Child: Starting 150 worker threads.
[Wed Feb 28 15:11:02.242872 2024] [ssl:warn] [pid 20012:tid 436] AH01909: www.example.com:443:0 server certificate does NOT include an ID which matches the server name
[Wed Feb 28 15:11:02.299721 2024] [core:warn] [pid 20012:tid 436] AH00098: pid file D:/Major Program/Xampp/apache/logs/httpd.pid overwritten -- Unclean shutdown of previous Apache run?
[Wed Feb 28 15:11:02.301717 2024] [ssl:warn] [pid 20012:tid 436] AH01909: www.example.com:443:0 server certificate does NOT include an ID which matches the server name
[Wed Feb 28 15:11:02.342643 2024] [mpm_winnt:notice] [pid 20012:tid 436] AH00455: Apache/2.4.58 (Win64) OpenSSL/3.1.3 PHP/8.2.12 configured -- resuming normal operations
[Wed Feb 28 15:11:02.342643 2024] [mpm_winnt:notice] [pid 20012:tid 436] AH00456: Apache Lounge VS17 Server built: Oct 18 2023 13:03:18
[Wed Feb 28 15:11:02.342643 2024] [core:notice] [pid 20012:tid 436] AH00094: Command line: 'd:\\major program\\xampp\\apache\\bin\\httpd.exe -d D:/Major Program/Xampp/apache'
[Wed Feb 28 15:11:02.346595 2024] [mpm_winnt:notice] [pid 20012:tid 436] AH00418: Parent: Created child process 15924
[Wed Feb 28 15:11:02.890169 2024] [ssl:warn] [pid 15924:tid 448] AH01909: www.example.com:443:0 server certificate does NOT include an ID which matches the server name
[Wed Feb 28 15:11:02.978904 2024] [ssl:warn] [pid 15924:tid 448] AH01909: www.example.com:443:0 server certificate does NOT include an ID which matches the server name
[Wed Feb 28 15:11:03.017799 2024] [mpm_winnt:notice] [pid 15924:tid 448] AH00354: Child: Starting 150 worker threads.
[Wed Feb 28 15:42:55.486936 2024] [ssl:warn] [pid 15488:tid 448] AH01909: www.example.com:443:0 server certificate does NOT include an ID which matches the server name
[Wed Feb 28 15:42:55.665718 2024] [core:warn] [pid 15488:tid 448] AH00098: pid file D:/Major Program/Xampp/apache/logs/httpd.pid overwritten -- Unclean shutdown of previous Apache run?
[Wed Feb 28 15:42:55.668859 2024] [ssl:warn] [pid 15488:tid 448] AH01909: www.example.com:443:0 server certificate does NOT include an ID which matches the server name
[Wed Feb 28 15:42:55.720527 2024] [mpm_winnt:notice] [pid 15488:tid 448] AH00455: Apache/2.4.58 (Win64) OpenSSL/3.1.3 PHP/8.2.12 configured -- resuming normal operations
[Wed Feb 28 15:42:55.720527 2024] [mpm_winnt:notice] [pid 15488:tid 448] AH00456: Apache Lounge VS17 Server built: Oct 18 2023 13:03:18
[Wed Feb 28 15:42:55.720527 2024] [core:notice] [pid 15488:tid 448] AH00094: Command line: 'd:\\major program\\xampp\\apache\\bin\\httpd.exe -d D:/Major Program/Xampp/apache'
[Wed Feb 28 15:42:55.724521 2024] [mpm_winnt:notice] [pid 15488:tid 448] AH00418: Parent: Created child process 1928
[Wed Feb 28 15:42:56.265971 2024] [ssl:warn] [pid 1928:tid 448] AH01909: www.example.com:443:0 server certificate does NOT include an ID which matches the server name
[Wed Feb 28 15:42:56.336288 2024] [ssl:warn] [pid 1928:tid 448] AH01909: www.example.com:443:0 server certificate does NOT include an ID which matches the server name
[Wed Feb 28 15:42:56.383130 2024] [mpm_winnt:notice] [pid 1928:tid 448] AH00354: Child: Starting 150 worker threads.
[Wed Mar 27 16:20:19.392251 2024] [ssl:warn] [pid 16400:tid 436] AH01909: www.example.com:443:0 server certificate does NOT include an ID which matches the server name
[Wed Mar 27 16:20:19.475549 2024] [core:warn] [pid 16400:tid 436] AH00098: pid file D:/Major Program/Xampp/apache/logs/httpd.pid overwritten -- Unclean shutdown of previous Apache run?
[Wed Mar 27 16:20:19.479765 2024] [ssl:warn] [pid 16400:tid 436] AH01909: www.example.com:443:0 server certificate does NOT include an ID which matches the server name
[Wed Mar 27 16:20:20.412866 2024] [mpm_winnt:notice] [pid 16400:tid 436] AH00455: Apache/2.4.58 (Win64) OpenSSL/3.1.3 PHP/8.2.12 configured -- resuming normal operations
[Wed Mar 27 16:20:20.412866 2024] [mpm_winnt:notice] [pid 16400:tid 436] AH00456: Apache Lounge VS17 Server built: Oct 18 2023 13:03:18
[Wed Mar 27 16:20:20.412866 2024] [core:notice] [pid 16400:tid 436] AH00094: Command line: 'd:\\major program\\xampp\\apache\\bin\\httpd.exe -d D:/Major Program/Xampp/apache'
[Wed Mar 27 16:20:20.427826 2024] [mpm_winnt:notice] [pid 16400:tid 436] AH00418: Parent: Created child process 3512
[Wed Mar 27 16:20:21.081132 2024] [ssl:warn] [pid 3512:tid 448] AH01909: www.example.com:443:0 server certificate does NOT include an ID which matches the server name
[Wed Mar 27 16:20:21.283684 2024] [ssl:warn] [pid 3512:tid 448] AH01909: www.example.com:443:0 server certificate does NOT include an ID which matches the server name
[Wed Mar 27 16:20:21.418397 2024] [mpm_winnt:notice] [pid 3512:tid 448] AH00354: Child: Starting 150 worker threads.
[Wed Apr 17 11:23:22.932101 2024] [ssl:warn] [pid 13832:tid 448] AH01909: www.example.com:443:0 server certificate does NOT include an ID which matches the server name
[Wed Apr 17 11:23:23.040112 2024] [core:warn] [pid 13832:tid 448] AH00098: pid file D:/Major Program/Xampp/apache/logs/httpd.pid overwritten -- Unclean shutdown of previous Apache run?
[Wed Apr 17 11:23:23.044013 2024] [ssl:warn] [pid 13832:tid 448] AH01909: www.example.com:443:0 server certificate does NOT include an ID which matches the server name
[Wed Apr 17 11:23:23.839880 2024] [mpm_winnt:notice] [pid 13832:tid 448] AH00455: Apache/2.4.58 (Win64) OpenSSL/3.1.3 PHP/8.2.12 configured -- resuming normal operations
[Wed Apr 17 11:23:23.839880 2024] [mpm_winnt:notice] [pid 13832:tid 448] AH00456: Apache Lounge VS17 Server built: Oct 18 2023 13:03:18
[Wed Apr 17 11:23:23.839880 2024] [core:notice] [pid 13832:tid 448] AH00094: Command line: 'd:\\major program\\xampp\\apache\\bin\\httpd.exe -d D:/Major Program/Xampp/apache'
[Wed Apr 17 11:23:23.845865 2024] [mpm_winnt:notice] [pid 13832:tid 448] AH00418: Parent: Created child process 8480
[Wed Apr 17 11:23:24.447296 2024] [ssl:warn] [pid 8480:tid 428] AH01909: www.example.com:443:0 server certificate does NOT include an ID which matches the server name
[Wed Apr 17 11:23:24.511124 2024] [ssl:warn] [pid 8480:tid 428] AH01909: www.example.com:443:0 server certificate does NOT include an ID which matches the server name
[Wed Apr 17 11:23:24.559993 2024] [mpm_winnt:notice] [pid 8480:tid 428] AH00354: Child: Starting 150 worker threads.
[Wed Apr 17 11:35:06.007138 2024] [mpm_winnt:crit] [pid 8480:tid 428] AH02538: Child: Parent process exited abruptly. Child process is ending
[Wed Apr 17 11:35:33.059333 2024] [ssl:warn] [pid 17948:tid 424] AH01909: www.example.com:443:0 server certificate does NOT include an ID which matches the server name
[Wed Apr 17 11:35:33.250220 2024] [core:warn] [pid 17948:tid 424] AH00098: pid file D:/Major Program/Xampp/apache/logs/httpd.pid overwritten -- Unclean shutdown of previous Apache run?
[Wed Apr 17 11:35:33.269170 2024] [ssl:warn] [pid 17948:tid 424] AH01909: www.example.com:443:0 server certificate does NOT include an ID which matches the server name
[Wed Apr 17 11:35:33.437336 2024] [mpm_winnt:notice] [pid 17948:tid 424] AH00455: Apache/2.4.58 (Win64) OpenSSL/3.1.3 PHP/8.2.12 configured -- resuming normal operations
[Wed Apr 17 11:35:33.437336 2024] [mpm_winnt:notice] [pid 17948:tid 424] AH00456: Apache Lounge VS17 Server built: Oct 18 2023 13:03:18
[Wed Apr 17 11:35:33.437336 2024] [core:notice] [pid 17948:tid 424] AH00094: Command line: 'd:\\major program\\xampp\\apache\\bin\\httpd.exe -d D:/Major Program/Xampp/apache'
[Wed Apr 17 11:35:33.452336 2024] [mpm_winnt:notice] [pid 17948:tid 424] AH00418: Parent: Created child process 16144
[Wed Apr 17 11:35:34.154753 2024] [ssl:warn] [pid 16144:tid 440] AH01909: www.example.com:443:0 server certificate does NOT include an ID which matches the server name
[Wed Apr 17 11:35:34.318603 2024] [ssl:warn] [pid 16144:tid 440] AH01909: www.example.com:443:0 server certificate does NOT include an ID which matches the server name
[Wed Apr 17 11:35:34.430920 2024] [mpm_winnt:notice] [pid 16144:tid 440] AH00354: Child: Starting 150 worker threads.
[Wed Apr 17 11:43:37.963182 2024] [mpm_winnt:crit] [pid 16144:tid 440] AH02538: Child: Parent process exited abruptly. Child process is ending
[Wed Apr 17 16:23:26.937021 2024] [ssl:warn] [pid 14420:tid 440] AH01909: www.example.com:443:0 server certificate does NOT include an ID which matches the server name
[Wed Apr 17 16:23:27.014867 2024] [core:warn] [pid 14420:tid 440] AH00098: pid file D:/Major Program/Xampp/apache/logs/httpd.pid overwritten -- Unclean shutdown of previous Apache run?
[Wed Apr 17 16:23:27.017856 2024] [ssl:warn] [pid 14420:tid 440] AH01909: www.example.com:443:0 server certificate does NOT include an ID which matches the server name
[Wed Apr 17 16:23:27.058746 2024] [mpm_winnt:notice] [pid 14420:tid 440] AH00455: Apache/2.4.58 (Win64) OpenSSL/3.1.3 PHP/8.2.12 configured -- resuming normal operations
[Wed Apr 17 16:23:27.058746 2024] [mpm_winnt:notice] [pid 14420:tid 440] AH00456: Apache Lounge VS17 Server built: Oct 18 2023 13:03:18
[Wed Apr 17 16:23:27.058746 2024] [core:notice] [pid 14420:tid 440] AH00094: Command line: 'd:\\major program\\xampp\\apache\\bin\\httpd.exe -d D:/Major Program/Xampp/apache'
[Wed Apr 17 16:23:27.062736 2024] [mpm_winnt:notice] [pid 14420:tid 440] AH00418: Parent: Created child process 3960
[Wed Apr 17 16:23:27.526494 2024] [ssl:warn] [pid 3960:tid 440] AH01909: www.example.com:443:0 server certificate does NOT include an ID which matches the server name
[Wed Apr 17 16:23:27.593348 2024] [ssl:warn] [pid 3960:tid 440] AH01909: www.example.com:443:0 server certificate does NOT include an ID which matches the server name
[Wed Apr 17 16:23:27.634241 2024] [mpm_winnt:notice] [pid 3960:tid 440] AH00354: Child: Starting 150 worker threads.
